<?xml version="1.0" encoding="UTF-8"?>
<!-- Generated by org.testng.reporters.JUnitReportReporter -->
<testsuite skipped="0" hostname="Ashifs-MacBook-Air.local" name="testsScripts.SignUpTests" tests="1" failures="0" timestamp="2020-08-02T19:17:04 EDT" time="15.588" errors="0">
  <testcase name="signUp" time="15.588" classname="testsScripts.SignUpTests"/>
  <system-out/>
</testsuite> <!-- testsScripts.SignUpTests -->
